<?xml version="1.0" encoding="UTF-8"?>
<testng-results skipped="0" failed="0" ignored="0" total="2" passed="2">
  <reporter-output>
  </reporter-output>
  <suite name="Functional Suite" duration-ms="37526" started-at="2021-08-02T01:45:44Z" finished-at="2021-08-02T01:46:22Z">
    <groups>
    </groups>
    <test name="Zoho Login Test" duration-ms="5615" started-at="2021-08-02T01:45:44Z" finished-at="2021-08-02T01:45:50Z">
      <class name="testcases.LoginTestcase">
        <test-method status="PASS" signature="doLoginTest()[pri:0, instance:testcases.LoginTestcase@4e558728]" name="doLoginTest" duration-ms="5557" started-at="2021-08-02T01:45:44Z" finished-at="2021-08-02T01:45:50Z">
          <reporter-output>
          </reporter-output>
        </test-method> <!-- doLoginTest -->
      </class> <!-- testcases.LoginTestcase -->
    </test> <!-- Zoho Login Test -->
    <test name="Create Account Test" duration-ms="31888" started-at="2021-08-02T01:45:50Z" finished-at="2021-08-02T01:46:22Z">
      <class name="testcases.CreateAccountTest">
        <test-method status="PASS" signature="createAccount()[pri:0, instance:testcases.CreateAccountTest@bcb09a6]" name="createAccount" duration-ms="31847" started-at="2021-08-02T01:45:50Z" finished-at="2021-08-02T01:46:22Z">
          <reporter-output>
          </reporter-output>
        </test-method> <!-- createAccount -->
        <test-method status="PASS" signature="tearDown()[pri:0, instance:testcases.CreateAccountTest@bcb09a6]" name="tearDown" is-config="true" duration-ms="95" started-at="2021-08-02T01:46:22Z" finished-at="2021-08-02T01:46:22Z">
          <reporter-output>
          </reporter-output>
        </test-method> <!-- tearDown -->
      </class> <!-- testcases.CreateAccountTest -->
    </test> <!-- Create Account Test -->
  </suite> <!-- Functional Suite -->
</testng-results>
